<?xml version="1.0" encoding="UTF-8"?>
<!-- Generated by org.testng.reporters.JUnitReportReporter -->
<testsuite hostname="LAPTOP-DOBLN3AU" failures="0" tests="2" name="com.qa.testNGscripts.TestCase1" time="9.176" errors="0" timestamp="18 Feb 2022 11:24:47 GMT" skipped="0">
  <testcase classname="com.qa.testNGscripts.TestCase1" name="wikipagetest" time="2.901"/>
  <testcase classname="com.qa.testNGscripts.TestCase1" name="testcase2" time="6.275"/>
</testsuite> <!-- com.qa.testNGscripts.TestCase1 -->
