<?xml version="1.0" encoding="UTF-8"?>
<!-- Generated by org.testng.reporters.JUnitReportReporter -->
<testsuite hostname="LAPTOP-DOBLN3AU" failures="0" tests="2" name="com.qa.testNGscripts.TestCase2" time="4.816" errors="0" timestamp="18 Feb 2022 11:27:26 GMT" skipped="0">
  <testcase classname="com.qa.testNGscripts.TestCase2" name="amazonTest" time="3.239"/>
  <testcase classname="com.qa.testNGscripts.TestCase2" name="AlterTest" time="1.577"/>
</testsuite> <!-- com.qa.testNGscripts.TestCase2 -->
