<?xml version="1.0" encoding="UTF-8"?>
<!-- Generated by org.testng.reporters.JUnitReportReporter -->
<testsuite hostname="LAPTOP-DOBLN3AU" failures="0" tests="2" name="com.qa.testNGscripts.TestCase1" time="10.693" errors="0" timestamp="18 Feb 2022 11:27:26 GMT" skipped="0">
  <testcase classname="com.qa.testNGscripts.TestCase1" name="wikipagetest" time="4.698"/>
  <testcase classname="com.qa.testNGscripts.TestCase1" name="testcase2" time="5.995"/>
</testsuite> <!-- com.qa.testNGscripts.TestCase1 -->
